running egg_info
creating ../../build/aruco_markers_detection/aruco_markers_detection.egg-info
writing ../../build/aruco_markers_detection/aruco_markers_detection.egg-info/PKG-INFO
writing dependency_links to ../../build/aruco_markers_detection/aruco_markers_detection.egg-info/dependency_links.txt
writing entry points to ../../build/aruco_markers_detection/aruco_markers_detection.egg-info/entry_points.txt
writing requirements to ../../build/aruco_markers_detection/aruco_markers_detection.egg-info/requires.txt
writing top-level names to ../../build/aruco_markers_detection/aruco_markers_detection.egg-info/top_level.txt
writing manifest file '../../build/aruco_markers_detection/aruco_markers_detection.egg-info/SOURCES.txt'
reading manifest file '../../build/aruco_markers_detection/aruco_markers_detection.egg-info/SOURCES.txt'
writing manifest file '../../build/aruco_markers_detection/aruco_markers_detection.egg-info/SOURCES.txt'
running build
running build_py
creating /home/fectec151/Downloads/Projects/RoverSpaceMakers/rover_spacemakers_ws/build/aruco_markers_detection/build
creating /home/fectec151/Downloads/Projects/RoverSpaceMakers/rover_spacemakers_ws/build/aruco_markers_detection/build/lib
creating /home/fectec151/Downloads/Projects/RoverSpaceMakers/rover_spacemakers_ws/build/aruco_markers_detection/build/lib/aruco_markers_detection
copying aruco_markers_detection/__init__.py -> /home/fectec151/Downloads/Projects/RoverSpaceMakers/rover_spacemakers_ws/build/aruco_markers_detection/build/lib/aruco_markers_detection
running install
running install_lib
creating /home/fectec151/Downloads/Projects/RoverSpaceMakers/rover_spacemakers_ws/install/aruco_markers_detection/lib/python3.10/site-packages/aruco_markers_detection
copying /home/fectec151/Downloads/Projects/RoverSpaceMakers/rover_spacemakers_ws/build/aruco_markers_detection/build/lib/aruco_markers_detection/__init__.py -> /home/fectec151/Downloads/Projects/RoverSpaceMakers/rover_spacemakers_ws/install/aruco_markers_detection/lib/python3.10/site-packages/aruco_markers_detection
byte-compiling /home/fectec151/Downloads/Projects/RoverSpaceMakers/rover_spacemakers_ws/install/aruco_markers_detection/lib/python3.10/site-packages/aruco_markers_detection/__init__.py to __init__.cpython-310.pyc
running install_data
creating /home/fectec151/Downloads/Projects/RoverSpaceMakers/rover_spacemakers_ws/install/aruco_markers_detection/share/ament_index
creating /home/fectec151/Downloads/Projects/RoverSpaceMakers/rover_spacemakers_ws/install/aruco_markers_detection/share/ament_index/resource_index
creating /home/fectec151/Downloads/Projects/RoverSpaceMakers/rover_spacemakers_ws/install/aruco_markers_detection/share/ament_index/resource_index/packages
copying resource/aruco_markers_detection -> /home/fectec151/Downloads/Projects/RoverSpaceMakers/rover_spacemakers_ws/install/aruco_markers_detection/share/ament_index/resource_index/packages
copying package.xml -> /home/fectec151/Downloads/Projects/RoverSpaceMakers/rover_spacemakers_ws/install/aruco_markers_detection/share/aruco_markers_detection
running install_egg_info
Copying ../../build/aruco_markers_detection/aruco_markers_detection.egg-info to /home/fectec151/Downloads/Projects/RoverSpaceMakers/rover_spacemakers_ws/install/aruco_markers_detection/lib/python3.10/site-packages/aruco_markers_detection-0.0.0-py3.10.egg-info
running install_scripts
writing list of installed files to '/home/fectec151/Downloads/Projects/RoverSpaceMakers/rover_spacemakers_ws/build/aruco_markers_detection/install.log'
