[0.006s] Invoking command in '/home/fectec151/Downloads/Projects/RoverSpaceMakers/rover_spacemakers_ws/build/aruco_markers_detection': CMAKE_PREFIX_PATH=/opt/ros/humble /usr/bin/cmake --build /home/fectec151/Downloads/Projects/RoverSpaceMakers/rover_spacemakers_ws/build/aruco_markers_detection -- -j12 -l12
[0.033s] [35m[1mConsolidate compiler generated dependencies of target minimal_opencv_ros2_node[0m
[0.047s] [ 50%] [32mBuilding CXX object CMakeFiles/minimal_opencv_ros2_node.dir/src/minimal_opencv_ros2_node.cpp.o[0m
[3.736s] [100%] [32m[1mLinking CXX executable minimal_opencv_ros2_node[0m
[4.099s] [100%] Built target minimal_opencv_ros2_node
[4.107s] Invoked command in '/home/fectec151/Downloads/Projects/RoverSpaceMakers/rover_spacemakers_ws/build/aruco_markers_detection' returned '0': CMAKE_PREFIX_PATH=/opt/ros/humble /usr/bin/cmake --build /home/fectec151/Downloads/Projects/RoverSpaceMakers/rover_spacemakers_ws/build/aruco_markers_detection -- -j12 -l12
[4.127s] Invoking command in '/home/fectec151/Downloads/Projects/RoverSpaceMakers/rover_spacemakers_ws/build/aruco_markers_detection': CMAKE_PREFIX_PATH=/opt/ros/humble /usr/bin/cmake --install /home/fectec151/Downloads/Projects/RoverSpaceMakers/rover_spacemakers_ws/build/aruco_markers_detection
[4.133s] -- Install configuration: ""
[4.133s] -- Installing: /home/fectec151/Downloads/Projects/RoverSpaceMakers/rover_spacemakers_ws/install/aruco_markers_detection/lib/aruco_markers_detection/minimal_opencv_ros2_node
[4.134s] -- Set runtime path of "/home/fectec151/Downloads/Projects/RoverSpaceMakers/rover_spacemakers_ws/install/aruco_markers_detection/lib/aruco_markers_detection/minimal_opencv_ros2_node" to ""
[4.134s] -- Installing: /home/fectec151/Downloads/Projects/RoverSpaceMakers/rover_spacemakers_ws/install/aruco_markers_detection/share/ament_index/resource_index/package_run_dependencies/aruco_markers_detection
[4.134s] -- Installing: /home/fectec151/Downloads/Projects/RoverSpaceMakers/rover_spacemakers_ws/install/aruco_markers_detection/share/ament_index/resource_index/parent_prefix_path/aruco_markers_detection
[4.134s] -- Installing: /home/fectec151/Downloads/Projects/RoverSpaceMakers/rover_spacemakers_ws/install/aruco_markers_detection/share/aruco_markers_detection/environment/ament_prefix_path.sh
[4.134s] -- Installing: /home/fectec151/Downloads/Projects/RoverSpaceMakers/rover_spacemakers_ws/install/aruco_markers_detection/share/aruco_markers_detection/environment/ament_prefix_path.dsv
[4.134s] -- Installing: /home/fectec151/Downloads/Projects/RoverSpaceMakers/rover_spacemakers_ws/install/aruco_markers_detection/share/aruco_markers_detection/environment/path.sh
[4.134s] -- Installing: /home/fectec151/Downloads/Projects/RoverSpaceMakers/rover_spacemakers_ws/install/aruco_markers_detection/share/aruco_markers_detection/environment/path.dsv
[4.134s] -- Installing: /home/fectec151/Downloads/Projects/RoverSpaceMakers/rover_spacemakers_ws/install/aruco_markers_detection/share/aruco_markers_detection/local_setup.bash
[4.134s] -- Installing: /home/fectec151/Downloads/Projects/RoverSpaceMakers/rover_spacemakers_ws/install/aruco_markers_detection/share/aruco_markers_detection/local_setup.sh
[4.134s] -- Installing: /home/fectec151/Downloads/Projects/RoverSpaceMakers/rover_spacemakers_ws/install/aruco_markers_detection/share/aruco_markers_detection/local_setup.zsh
[4.134s] -- Installing: /home/fectec151/Downloads/Projects/RoverSpaceMakers/rover_spacemakers_ws/install/aruco_markers_detection/share/aruco_markers_detection/local_setup.dsv
[4.134s] -- Installing: /home/fectec151/Downloads/Projects/RoverSpaceMakers/rover_spacemakers_ws/install/aruco_markers_detection/share/aruco_markers_detection/package.dsv
[4.134s] -- Installing: /home/fectec151/Downloads/Projects/RoverSpaceMakers/rover_spacemakers_ws/install/aruco_markers_detection/share/ament_index/resource_index/packages/aruco_markers_detection
[4.134s] -- Installing: /home/fectec151/Downloads/Projects/RoverSpaceMakers/rover_spacemakers_ws/install/aruco_markers_detection/share/aruco_markers_detection/cmake/aruco_markers_detectionConfig.cmake
[4.134s] -- Installing: /home/fectec151/Downloads/Projects/RoverSpaceMakers/rover_spacemakers_ws/install/aruco_markers_detection/share/aruco_markers_detection/cmake/aruco_markers_detectionConfig-version.cmake
[4.134s] -- Installing: /home/fectec151/Downloads/Projects/RoverSpaceMakers/rover_spacemakers_ws/install/aruco_markers_detection/share/aruco_markers_detection/package.xml
[4.136s] Invoked command in '/home/fectec151/Downloads/Projects/RoverSpaceMakers/rover_spacemakers_ws/build/aruco_markers_detection' returned '0': CMAKE_PREFIX_PATH=/opt/ros/humble /usr/bin/cmake --install /home/fectec151/Downloads/Projects/RoverSpaceMakers/rover_spacemakers_ws/build/aruco_markers_detection
