[0.058s] DEBUG:colcon:Command line arguments: ['/usr/bin/colcon', 'build', '--packages-select', 'aruco_markers_detection']
[0.058s] DEBUG:colcon:Parsed command line arguments: Namespace(log_base=None, log_level=None, verb_name='build', build_base='build', install_base='install', merge_install=False, symlink_install=False, test_result_base=None, continue_on_error=False, executor='parallel', parallel_workers=12, event_handlers=None, ignore_user_meta=False, metas=['./colcon.meta'], base_paths=['.'], packages_ignore=None, packages_ignore_regex=None, paths=None, packages_up_to=None, packages_up_to_regex=None, packages_above=None, packages_above_and_dependencies=None, packages_above_depth=None, packages_select_by_dep=None, packages_skip_by_dep=None, packages_skip_up_to=None, packages_select_build_failed=False, packages_skip_build_finished=False, packages_select_test_failures=False, packages_skip_test_passed=False, packages_select=['aruco_markers_detection'], packages_skip=None, packages_select_regex=None, packages_skip_regex=None, packages_start=None, packages_end=None, allow_overriding=[], cmake_args=None, cmake_target=None, cmake_target_skip_unavailable=False, cmake_clean_cache=False, cmake_clean_first=False, cmake_force_configure=False, ament_cmake_args=None, catkin_cmake_args=None, catkin_skip_building_tests=False, verb_parser=<colcon_defaults.argument_parser.defaults.DefaultArgumentsDecorator object at 0x72c861f215d0>, verb_extension=<colcon_core.verb.build.BuildVerb object at 0x72c861f21000>, main=<bound method BuildVerb.main of <colcon_core.verb.build.BuildVerb object at 0x72c861f21000>>)
[0.163s] Level 1:colcon.colcon_core.package_discovery:discover_packages(colcon_meta) check parameters
[0.164s] Level 1:colcon.colcon_core.package_discovery:discover_packages(recursive) check parameters
[0.164s] Level 1:colcon.colcon_core.package_discovery:discover_packages(ignore) check parameters
[0.164s] Level 1:colcon.colcon_core.package_discovery:discover_packages(path) check parameters
[0.164s] Level 1:colcon.colcon_core.package_discovery:discover_packages(colcon_meta) discover
[0.164s] Level 1:colcon.colcon_core.package_discovery:discover_packages(recursive) discover
[0.164s] INFO:colcon.colcon_core.package_discovery:Crawling recursively for packages in '/home/fectec151/Downloads/Projects/RoverSpaceMakers/rover_spacemakers_ws'
[0.164s] Level 1:colcon.colcon_core.package_identification:_identify(.) by extensions ['ignore', 'ignore_ament_install']
[0.164s] Level 1:colcon.colcon_core.package_identification:_identify(.) by extension 'ignore'
[0.164s] Level 1:colcon.colcon_core.package_identification:_identify(.) by extension 'ignore_ament_install'
[0.164s] Level 1:colcon.colcon_core.package_identification:_identify(.) by extensions ['colcon_pkg']
[0.164s] Level 1:colcon.colcon_core.package_identification:_identify(.) by extension 'colcon_pkg'
[0.164s] Level 1:colcon.colcon_core.package_identification:_identify(.) by extensions ['colcon_meta']
[0.164s] Level 1:colcon.colcon_core.package_identification:_identify(.) by extension 'colcon_meta'
[0.164s] Level 1:colcon.colcon_core.package_identification:_identify(.) by extensions ['ros']
[0.164s] Level 1:colcon.colcon_core.package_identification:_identify(.) by extension 'ros'
[0.171s] Level 1:colcon.colcon_core.package_identification:_identify(.) by extensions ['cmake', 'python']
[0.171s] Level 1:colcon.colcon_core.package_identification:_identify(.) by extension 'cmake'
[0.171s] Level 1:colcon.colcon_core.package_identification:_identify(.) by extension 'python'
[0.171s] Level 1:colcon.colcon_core.package_identification:_identify(.) by extensions ['python_setup_py']
[0.171s] Level 1:colcon.colcon_core.package_identification:_identify(.) by extension 'python_setup_py'
[0.171s] Level 1:colcon.colcon_core.package_identification:_identify(build) by extensions ['ignore', 'ignore_ament_install']
[0.171s] Level 1:colcon.colcon_core.package_identification:_identify(build) by extension 'ignore'
[0.171s] Level 1:colcon.colcon_core.package_identification:_identify(build) ignored
[0.171s] Level 1:colcon.colcon_core.package_identification:_identify(install) by extensions ['ignore', 'ignore_ament_install']
[0.171s] Level 1:colcon.colcon_core.package_identification:_identify(install) by extension 'ignore'
[0.171s] Level 1:colcon.colcon_core.package_identification:_identify(install) ignored
[0.171s] Level 1:colcon.colcon_core.package_identification:_identify(log) by extensions ['ignore', 'ignore_ament_install']
[0.171s] Level 1:colcon.colcon_core.package_identification:_identify(log) by extension 'ignore'
[0.171s] Level 1:colcon.colcon_core.package_identification:_identify(log) ignored
[0.171s] Level 1:colcon.colcon_core.package_identification:_identify(src) by extensions ['ignore', 'ignore_ament_install']
[0.171s] Level 1:colcon.colcon_core.package_identification:_identify(src) by extension 'ignore'
[0.171s] Level 1:colcon.colcon_core.package_identification:_identify(src) by extension 'ignore_ament_install'
[0.171s] Level 1:colcon.colcon_core.package_identification:_identify(src) by extensions ['colcon_pkg']
[0.171s] Level 1:colcon.colcon_core.package_identification:_identify(src) by extension 'colcon_pkg'
[0.171s] Level 1:colcon.colcon_core.package_identification:_identify(src) by extensions ['colcon_meta']
[0.171s] Level 1:colcon.colcon_core.package_identification:_identify(src) by extension 'colcon_meta'
[0.171s] Level 1:colcon.colcon_core.package_identification:_identify(src) by extensions ['ros']
[0.171s] Level 1:colcon.colcon_core.package_identification:_identify(src) by extension 'ros'
[0.171s] Level 1:colcon.colcon_core.package_identification:_identify(src) by extensions ['cmake', 'python']
[0.171s] Level 1:colcon.colcon_core.package_identification:_identify(src) by extension 'cmake'
[0.171s] Level 1:colcon.colcon_core.package_identification:_identify(src) by extension 'python'
[0.171s] Level 1:colcon.colcon_core.package_identification:_identify(src) by extensions ['python_setup_py']
[0.171s] Level 1:colcon.colcon_core.package_identification:_identify(src) by extension 'python_setup_py'
[0.172s] Level 1:colcon.colcon_core.package_identification:_identify(src/aruco_markers_detection) by extensions ['ignore', 'ignore_ament_install']
[0.172s] Level 1:colcon.colcon_core.package_identification:_identify(src/aruco_markers_detection) by extension 'ignore'
[0.172s] Level 1:colcon.colcon_core.package_identification:_identify(src/aruco_markers_detection) by extension 'ignore_ament_install'
[0.172s] Level 1:colcon.colcon_core.package_identification:_identify(src/aruco_markers_detection) by extensions ['colcon_pkg']
[0.172s] Level 1:colcon.colcon_core.package_identification:_identify(src/aruco_markers_detection) by extension 'colcon_pkg'
[0.172s] Level 1:colcon.colcon_core.package_identification:_identify(src/aruco_markers_detection) by extensions ['colcon_meta']
[0.172s] Level 1:colcon.colcon_core.package_identification:_identify(src/aruco_markers_detection) by extension 'colcon_meta'
[0.172s] Level 1:colcon.colcon_core.package_identification:_identify(src/aruco_markers_detection) by extensions ['ros']
[0.172s] Level 1:colcon.colcon_core.package_identification:_identify(src/aruco_markers_detection) by extension 'ros'
[0.173s] DEBUG:colcon.colcon_core.package_identification:Package 'src/aruco_markers_detection' with type 'ros.ament_cmake' and name 'aruco_markers_detection'
[0.173s] Level 1:colcon.colcon_core.package_discovery:discover_packages(recursive) using defaults
[0.173s] Level 1:colcon.colcon_core.package_discovery:discover_packages(ignore) discover
[0.173s] Level 1:colcon.colcon_core.package_discovery:discover_packages(ignore) using defaults
[0.173s] Level 1:colcon.colcon_core.package_discovery:discover_packages(path) discover
[0.173s] Level 1:colcon.colcon_core.package_discovery:discover_packages(path) using defaults
[0.185s] Level 1:colcon.colcon_core.package_discovery:discover_packages(prefix_path) check parameters
[0.185s] Level 1:colcon.colcon_core.package_discovery:discover_packages(prefix_path) discover
[0.186s] DEBUG:colcon.colcon_installed_package_information.package_discovery:Found 329 installed packages in /opt/ros/humble
[0.194s] Level 1:colcon.colcon_core.package_discovery:discover_packages(prefix_path) using defaults
[0.215s] Level 5:colcon.colcon_core.verb:set package 'aruco_markers_detection' build argument 'cmake_args' from command line to 'None'
[0.215s] Level 5:colcon.colcon_core.verb:set package 'aruco_markers_detection' build argument 'cmake_target' from command line to 'None'
[0.215s] Level 5:colcon.colcon_core.verb:set package 'aruco_markers_detection' build argument 'cmake_target_skip_unavailable' from command line to 'False'
[0.215s] Level 5:colcon.colcon_core.verb:set package 'aruco_markers_detection' build argument 'cmake_clean_cache' from command line to 'False'
[0.215s] Level 5:colcon.colcon_core.verb:set package 'aruco_markers_detection' build argument 'cmake_clean_first' from command line to 'False'
[0.215s] Level 5:colcon.colcon_core.verb:set package 'aruco_markers_detection' build argument 'cmake_force_configure' from command line to 'False'
[0.215s] Level 5:colcon.colcon_core.verb:set package 'aruco_markers_detection' build argument 'ament_cmake_args' from command line to 'None'
[0.215s] Level 5:colcon.colcon_core.verb:set package 'aruco_markers_detection' build argument 'catkin_cmake_args' from command line to 'None'
[0.215s] Level 5:colcon.colcon_core.verb:set package 'aruco_markers_detection' build argument 'catkin_skip_building_tests' from command line to 'False'
[0.215s] DEBUG:colcon.colcon_core.verb:Building package 'aruco_markers_detection' with the following arguments: {'ament_cmake_args': None, 'build_base': '/home/fectec151/Downloads/Projects/RoverSpaceMakers/rover_spacemakers_ws/build/aruco_markers_detection', 'catkin_cmake_args': None, 'catkin_skip_building_tests': False, 'cmake_args': None, 'cmake_clean_cache': False, 'cmake_clean_first': False, 'cmake_force_configure': False, 'cmake_target': None, 'cmake_target_skip_unavailable': False, 'install_base': '/home/fectec151/Downloads/Projects/RoverSpaceMakers/rover_spacemakers_ws/install/aruco_markers_detection', 'merge_install': False, 'path': '/home/fectec151/Downloads/Projects/RoverSpaceMakers/rover_spacemakers_ws/src/aruco_markers_detection', 'symlink_install': False, 'test_result_base': None}
[0.215s] INFO:colcon.colcon_core.executor:Executing jobs using 'parallel' executor
[0.216s] DEBUG:colcon.colcon_parallel_executor.executor.parallel:run_until_complete
[0.216s] INFO:colcon.colcon_ros.task.ament_cmake.build:Building ROS package in '/home/fectec151/Downloads/Projects/RoverSpaceMakers/rover_spacemakers_ws/src/aruco_markers_detection' with build type 'ament_cmake'
[0.216s] INFO:colcon.colcon_cmake.task.cmake.build:Building CMake package in '/home/fectec151/Downloads/Projects/RoverSpaceMakers/rover_spacemakers_ws/src/aruco_markers_detection'
[0.217s] INFO:colcon.colcon_core.plugin_system:Skipping extension 'colcon_core.shell.bat': Not used on non-Windows systems
[0.217s] INFO:colcon.colcon_core.shell:Skip shell extension 'powershell' for command environment: Not usable outside of PowerShell
[0.217s] DEBUG:colcon.colcon_core.shell:Skip shell extension 'dsv' for command environment
[0.222s] DEBUG:colcon.colcon_core.event_handler.log_command:Invoking command in '/home/fectec151/Downloads/Projects/RoverSpaceMakers/rover_spacemakers_ws/build/aruco_markers_detection': CMAKE_PREFIX_PATH=/opt/ros/humble /usr/bin/cmake /home/fectec151/Downloads/Projects/RoverSpaceMakers/rover_spacemakers_ws/src/aruco_markers_detection -DCMAKE_INSTALL_PREFIX=/home/fectec151/Downloads/Projects/RoverSpaceMakers/rover_spacemakers_ws/install/aruco_markers_detection
[0.914s] DEBUG:colcon.colcon_core.event_handler.log_command:Invoked command in '/home/fectec151/Downloads/Projects/RoverSpaceMakers/rover_spacemakers_ws/build/aruco_markers_detection' returned '0': CMAKE_PREFIX_PATH=/opt/ros/humble /usr/bin/cmake /home/fectec151/Downloads/Projects/RoverSpaceMakers/rover_spacemakers_ws/src/aruco_markers_detection -DCMAKE_INSTALL_PREFIX=/home/fectec151/Downloads/Projects/RoverSpaceMakers/rover_spacemakers_ws/install/aruco_markers_detection
[0.915s] DEBUG:colcon.colcon_core.event_handler.log_command:Invoking command in '/home/fectec151/Downloads/Projects/RoverSpaceMakers/rover_spacemakers_ws/build/aruco_markers_detection': CMAKE_PREFIX_PATH=/opt/ros/humble /usr/bin/cmake --build /home/fectec151/Downloads/Projects/RoverSpaceMakers/rover_spacemakers_ws/build/aruco_markers_detection -- -j12 -l12
[3.182s] DEBUG:colcon.colcon_core.event_handler.log_command:Invoked command in '/home/fectec151/Downloads/Projects/RoverSpaceMakers/rover_spacemakers_ws/build/aruco_markers_detection' returned '2': CMAKE_PREFIX_PATH=/opt/ros/humble /usr/bin/cmake --build /home/fectec151/Downloads/Projects/RoverSpaceMakers/rover_spacemakers_ws/build/aruco_markers_detection -- -j12 -l12
[3.196s] Level 1:colcon.colcon_core.environment:create_environment_scripts_only(aruco_markers_detection)
[3.197s] Level 1:colcon.colcon_core.environment:checking '/home/fectec151/Downloads/Projects/RoverSpaceMakers/rover_spacemakers_ws/install/aruco_markers_detection' for CMake module files
[3.198s] Level 1:colcon.colcon_core.environment:checking '/home/fectec151/Downloads/Projects/RoverSpaceMakers/rover_spacemakers_ws/install/aruco_markers_detection' for CMake config files
[3.198s] Level 1:colcon.colcon_core.environment:checking '/home/fectec151/Downloads/Projects/RoverSpaceMakers/rover_spacemakers_ws/install/aruco_markers_detection/lib'
[3.198s] Level 1:colcon.colcon_core.environment:checking '/home/fectec151/Downloads/Projects/RoverSpaceMakers/rover_spacemakers_ws/install/aruco_markers_detection/bin'
[3.198s] Level 1:colcon.colcon_core.environment:checking '/home/fectec151/Downloads/Projects/RoverSpaceMakers/rover_spacemakers_ws/install/aruco_markers_detection/lib/pkgconfig/aruco_markers_detection.pc'
[3.198s] Level 1:colcon.colcon_core.environment:checking '/home/fectec151/Downloads/Projects/RoverSpaceMakers/rover_spacemakers_ws/install/aruco_markers_detection/lib/python3.10/site-packages'
[3.198s] Level 1:colcon.colcon_core.shell:create_environment_hook('aruco_markers_detection', 'pythonpath')
[3.198s] INFO:colcon.colcon_core.shell:Creating environment hook '/home/fectec151/Downloads/Projects/RoverSpaceMakers/rover_spacemakers_ws/install/aruco_markers_detection/share/aruco_markers_detection/hook/pythonpath.ps1'
[3.199s] INFO:colcon.colcon_core.shell:Creating environment descriptor '/home/fectec151/Downloads/Projects/RoverSpaceMakers/rover_spacemakers_ws/install/aruco_markers_detection/share/aruco_markers_detection/hook/pythonpath.dsv'
[3.199s] INFO:colcon.colcon_core.shell:Creating environment hook '/home/fectec151/Downloads/Projects/RoverSpaceMakers/rover_spacemakers_ws/install/aruco_markers_detection/share/aruco_markers_detection/hook/pythonpath.sh'
[3.199s] Level 1:colcon.colcon_core.environment:checking '/home/fectec151/Downloads/Projects/RoverSpaceMakers/rover_spacemakers_ws/install/aruco_markers_detection/bin'
[3.200s] INFO:colcon.colcon_core.shell:Creating package script '/home/fectec151/Downloads/Projects/RoverSpaceMakers/rover_spacemakers_ws/install/aruco_markers_detection/share/aruco_markers_detection/package.ps1'
[3.200s] INFO:colcon.colcon_core.shell:Creating package descriptor '/home/fectec151/Downloads/Projects/RoverSpaceMakers/rover_spacemakers_ws/install/aruco_markers_detection/share/aruco_markers_detection/package.dsv'
[3.200s] INFO:colcon.colcon_core.shell:Creating package script '/home/fectec151/Downloads/Projects/RoverSpaceMakers/rover_spacemakers_ws/install/aruco_markers_detection/share/aruco_markers_detection/package.sh'
[3.201s] INFO:colcon.colcon_core.shell:Creating package script '/home/fectec151/Downloads/Projects/RoverSpaceMakers/rover_spacemakers_ws/install/aruco_markers_detection/share/aruco_markers_detection/package.bash'
[3.201s] INFO:colcon.colcon_core.shell:Creating package script '/home/fectec151/Downloads/Projects/RoverSpaceMakers/rover_spacemakers_ws/install/aruco_markers_detection/share/aruco_markers_detection/package.zsh'
[3.201s] Level 1:colcon.colcon_core.environment:create_file_with_runtime_dependencies(/home/fectec151/Downloads/Projects/RoverSpaceMakers/rover_spacemakers_ws/install/aruco_markers_detection/share/colcon-core/packages/aruco_markers_detection)
[3.212s] DEBUG:colcon.colcon_parallel_executor.executor.parallel:closing loop
[3.212s] DEBUG:colcon.colcon_parallel_executor.executor.parallel:loop closed
[3.212s] DEBUG:colcon.colcon_parallel_executor.executor.parallel:run_until_complete finished with '2'
[3.212s] DEBUG:colcon.colcon_core.event_reactor:joining thread
[3.215s] INFO:colcon.colcon_core.plugin_system:Skipping extension 'colcon_notification.desktop_notification.terminal_notifier': Not used on non-Darwin systems
[3.215s] INFO:colcon.colcon_core.plugin_system:Skipping extension 'colcon_notification.desktop_notification.win32': Not used on non-Windows systems
[3.215s] INFO:colcon.colcon_notification.desktop_notification:Sending desktop notification using 'notify2'
[3.226s] DEBUG:colcon.colcon_core.event_reactor:joined thread
[3.226s] INFO:colcon.colcon_core.shell:Creating prefix script '/home/fectec151/Downloads/Projects/RoverSpaceMakers/rover_spacemakers_ws/install/local_setup.ps1'
[3.227s] INFO:colcon.colcon_core.shell:Creating prefix util module '/home/fectec151/Downloads/Projects/RoverSpaceMakers/rover_spacemakers_ws/install/_local_setup_util_ps1.py'
[3.228s] INFO:colcon.colcon_core.shell:Creating prefix chain script '/home/fectec151/Downloads/Projects/RoverSpaceMakers/rover_spacemakers_ws/install/setup.ps1'
[3.228s] INFO:colcon.colcon_core.shell:Creating prefix script '/home/fectec151/Downloads/Projects/RoverSpaceMakers/rover_spacemakers_ws/install/local_setup.sh'
[3.229s] INFO:colcon.colcon_core.shell:Creating prefix util module '/home/fectec151/Downloads/Projects/RoverSpaceMakers/rover_spacemakers_ws/install/_local_setup_util_sh.py'
[3.229s] INFO:colcon.colcon_core.shell:Creating prefix chain script '/home/fectec151/Downloads/Projects/RoverSpaceMakers/rover_spacemakers_ws/install/setup.sh'
[3.229s] INFO:colcon.colcon_core.shell:Creating prefix script '/home/fectec151/Downloads/Projects/RoverSpaceMakers/rover_spacemakers_ws/install/local_setup.bash'
[3.230s] INFO:colcon.colcon_core.shell:Creating prefix chain script '/home/fectec151/Downloads/Projects/RoverSpaceMakers/rover_spacemakers_ws/install/setup.bash'
[3.230s] INFO:colcon.colcon_core.shell:Creating prefix script '/home/fectec151/Downloads/Projects/RoverSpaceMakers/rover_spacemakers_ws/install/local_setup.zsh'
[3.230s] INFO:colcon.colcon_core.shell:Creating prefix chain script '/home/fectec151/Downloads/Projects/RoverSpaceMakers/rover_spacemakers_ws/install/setup.zsh'
